2025-11-08 14:23:32 - main - INFO - Starting application...
2025-11-08 14:23:39 - app.database.db - INFO - MongoDB connected: payments-helper-db
2025-11-08 14:23:39 - main - INFO - Application started successfully
2025-11-08 14:23:39 - main - INFO - Starting application...
2025-11-08 14:23:46 - app.database.db - INFO - MongoDB connected: payments-helper-db
2025-11-08 14:23:46 - main - INFO - Application started successfully
2025-11-08 14:23:47 - main - INFO - Starting application...
2025-11-08 14:23:53 - app.database.db - INFO - MongoDB connected: payments-helper-db
2025-11-08 14:23:53 - main - INFO - Application started successfully
2025-11-08 14:23:53 - main - INFO - Starting application...
2025-11-08 14:24:01 - app.database.db - INFO - MongoDB connected: payments-helper-db
2025-11-08 14:24:01 - main - INFO - Application started successfully
2025-11-08 14:24:01 - main - INFO - Starting application...
2025-11-08 14:24:08 - app.database.db - INFO - MongoDB connected: payments-helper-db
2025-11-08 14:24:08 - main - INFO - Application started successfully
2025-11-08 14:24:08 - main - INFO - Starting application...
2025-11-08 14:24:15 - app.database.db - INFO - MongoDB connected: payments-helper-db
2025-11-08 14:24:15 - main - INFO - Application started successfully
2025-11-08 14:24:56 - main - INFO - Shutting down application...
2025-11-08 14:24:57 - app.database.db - INFO - MongoDB disconnected
2025-11-08 14:24:57 - main - INFO - Application shut down
2025-11-08 14:24:57 - main - INFO - Starting application...
2025-11-08 14:25:04 - app.database.db - INFO - MongoDB connected: payments-helper-db
2025-11-08 14:25:04 - main - INFO - Application started successfully
